[ 2024-05-06 15:07:40.940897 ]: Aktualny kod: 1234
[ 2024-05-06 15:08:23.701036 ]: otwarte drzwi
[ 2024-05-06 15:08:23.748914 ]: Pan zlodziej!
[ 2024-05-06 15:08:24.397464 ]: otwarte drzwi
[ 2024-05-06 15:08:24.451298 ]: Pan zlodziej!
[ 2024-05-06 15:08:25.101430 ]: otwarte drzwi
[ 2024-05-06 15:08:25.153258 ]: Pan zlodziej!
[ 2024-05-06 15:08:25.801968 ]: otwarte drzwi
[ 2024-05-06 15:08:25.855388 ]: Pan zlodziej!
[ 2024-05-06 15:08:26.507428 ]: otwarte drzwi
[ 2024-05-06 15:08:26.556315 ]: Pan zlodziej!
[ 2024-05-06 15:08:41.527507 ]: Alarm zostal rozbrojony
[ 2024-05-06 15:09:17.692799 ]: Kod zostal zmieniony
[ 2024-05-06 15:09:38.743243 ]: Alarm zostal uzbrojony
[ 2024-05-06 15:09:41.677466 ]: otwarte okno 1
[ 2024-05-06 15:09:41.724497 ]: Pan zlodziej!
[ 2024-05-06 15:09:42.629777 ]: otwarte okno 1
[ 2024-05-06 15:09:42.670852 ]: Pan zlodziej!
[ 2024-05-06 15:09:50.706754 ]: Alarm zostal rozbrojony
[ 2024-05-06 15:09:57.274654 ]: Kod zostal zmieniony
[ 2024-05-06 15:12:27.921477 ]: Aktualny kod: 1234
[ 2024-05-06 15:12:38.033487 ]: Alarm zostal uzbrojony
[ 2024-05-06 15:12:42.336689 ]: otwarte okno 2
[ 2024-05-06 15:12:42.379421 ]: Pan zlodziej!
[ 2024-05-06 15:12:43.028912 ]: otwarte okno 2
[ 2024-05-06 15:12:43.086193 ]: Pan zlodziej!
[ 2024-05-06 15:12:49.711878 ]: Wprowadzono bledny kod
[ 2024-05-06 15:13:03.996589 ]: Alarm zostal rozbrojony
